Determining if the pthread_create exist failed with the following output:
Change Dir: /home/jimmy/rosjava/build/CMakeFiles/CMakeTmp

Run Build Command:"/usr/bin/make" "cmTC_519ba/fast"
/usr/bin/make -f CMakeFiles/cmTC_519ba.dir/build.make CMakeFiles/cmTC_519ba.dir/build
make[1]: Entering directory '/home/jimmy/rosjava/build/CMakeFiles/CMakeTmp'
Building C object CMakeFiles/cmTC_519ba.dir/CheckSymbolExists.c.o
/usr/bin/cc     -o CMakeFiles/cmTC_519ba.dir/CheckSymbolExists.c.o   -c /home/jimmy/rosjava/build/CMakeFiles/CMakeTmp/CheckSymbolExists.c
Linking C executable cmTC_519ba
/usr/bin/cmake -E cmake_link_script CMakeFiles/cmTC_519ba.dir/link.txt --verbose=1
/usr/bin/cc       CMakeFiles/cmTC_519ba.dir/CheckSymbolExists.c.o  -o cmTC_519ba -rdynamic 
CMakeFiles/cmTC_519ba.dir/CheckSymbolExists.c.o: In function `main':
CheckSymbolExists.c:(.text+0x16): undefined reference to `pthread_create'
collect2: error: ld returned 1 exit status
CMakeFiles/cmTC_519ba.dir/build.make:97: recipe for target 'cmTC_519ba' failed
make[1]: *** [cmTC_519ba] Error 1
make[1]: Leaving directory '/home/jimmy/rosjava/build/CMakeFiles/CMakeTmp'
Makefile:126: recipe for target 'cmTC_519ba/fast' failed
make: *** [cmTC_519ba/fast] Error 2

File /home/jimmy/rosjava/build/CMakeFiles/CMakeTmp/CheckSymbolExists.c:
/* */
#include <pthread.h>

int main(int argc, char** argv)
{
  (void)argv;
#ifndef pthread_create
  return ((int*)(&pthread_create))[argc];
#else
  (void)argc;
  return 0;
#endif
}

Determining if the function pthread_create exists in the pthreads failed with the following output:
Change Dir: /home/jimmy/rosjava/build/CMakeFiles/CMakeTmp

Run Build Command:"/usr/bin/make" "cmTC_18b73/fast"
/usr/bin/make -f CMakeFiles/cmTC_18b73.dir/build.make CMakeFiles/cmTC_18b73.dir/build
make[1]: Entering directory '/home/jimmy/rosjava/build/CMakeFiles/CMakeTmp'
Building C object CMakeFiles/cmTC_18b73.dir/CheckFunctionExists.c.o
/usr/bin/cc    -DCHECK_FUNCTION_EXISTS=pthread_create   -o CMakeFiles/cmTC_18b73.dir/CheckFunctionExists.c.o   -c /usr/share/cmake-3.5/Modules/CheckFunctionExists.c
Linking C executable cmTC_18b73
/usr/bin/cmake -E cmake_link_script CMakeFiles/cmTC_18b73.dir/link.txt --verbose=1
/usr/bin/cc   -DCHECK_FUNCTION_EXISTS=pthread_create    CMakeFiles/cmTC_18b73.dir/CheckFunctionExists.c.o  -o cmTC_18b73 -rdynamic -lpthreads 
/usr/bin/ld: cannot find -lpthreads
collect2: error: ld returned 1 exit status
CMakeFiles/cmTC_18b73.dir/build.make:97: recipe for target 'cmTC_18b73' failed
make[1]: *** [cmTC_18b73] Error 1
make[1]: Leaving directory '/home/jimmy/rosjava/build/CMakeFiles/CMakeTmp'
Makefile:126: recipe for target 'cmTC_18b73/fast' failed
make: *** [cmTC_18b73/fast] Error 2


